  termproj1.cpp
E:\choi\files\source\repos\oop-c++\w05~\termProj\termproj1.cpp(29,21): warning C4018: '<': signed 또는 unsigned가 일치하지 않습니다.
E:\choi\files\source\repos\oop-c++\w05~\termProj\termproj1.cpp(47,1): warning C4554: '|': 연산자 우선 순위에 오류가 있는지 확인하세요. 괄호를 사용하여 우선 순위를 명확하게 지정하세요.
E:\choi\files\source\repos\oop-c++\w05~\termProj\termproj1.cpp(169,21): warning C4018: '<': signed 또는 unsigned가 일치하지 않습니다.
E:\choi\files\source\repos\oop-c++\w05~\termProj\termproj1.cpp(170,1): warning C4554: '|': 연산자 우선 순위에 오류가 있는지 확인하세요. 괄호를 사용하여 우선 순위를 명확하게 지정하세요.
E:\choi\files\source\repos\oop-c++\w05~\termProj\termproj1.cpp(171,1): warning C4554: '|': 연산자 우선 순위에 오류가 있는지 확인하세요. 괄호를 사용하여 우선 순위를 명확하게 지정하세요.
E:\choi\files\source\repos\oop-c++\w05~\termProj\termproj1.cpp(235,33): warning C4018: '<': signed 또는 unsigned가 일치하지 않습니다.
E:\choi\files\source\repos\oop-c++\w05~\termProj\termproj1.cpp(240,23): warning C4018: '<': signed 또는 unsigned가 일치하지 않습니다.
E:\choi\files\source\repos\oop-c++\w05~\termProj\termproj1.cpp(241,1): warning C4554: '|': 연산자 우선 순위에 오류가 있는지 확인하세요. 괄호를 사용하여 우선 순위를 명확하게 지정하세요.
E:\choi\files\source\repos\oop-c++\w05~\termProj\termproj1.cpp(257,34): warning C4018: '<': signed 또는 unsigned가 일치하지 않습니다.
E:\choi\files\source\repos\oop-c++\w05~\termProj\termproj1.cpp(266,33): warning C4018: '<': signed 또는 unsigned가 일치하지 않습니다.
E:\choi\files\source\repos\oop-c++\w05~\termProj\termproj1.cpp(271,23): warning C4018: '<': signed 또는 unsigned가 일치하지 않습니다.
E:\choi\files\source\repos\oop-c++\w05~\termProj\termproj1.cpp(272,1): warning C4554: '|': 연산자 우선 순위에 오류가 있는지 확인하세요. 괄호를 사용하여 우선 순위를 명확하게 지정하세요.
E:\choi\files\source\repos\oop-c++\w05~\termProj\termproj1.cpp(287,34): warning C4018: '<': signed 또는 unsigned가 일치하지 않습니다.
E:\choi\files\source\repos\oop-c++\w05~\termProj\termproj1.cpp(296,33): warning C4018: '<': signed 또는 unsigned가 일치하지 않습니다.
E:\choi\files\source\repos\oop-c++\w05~\termProj\termproj1.cpp(301,23): warning C4018: '<': signed 또는 unsigned가 일치하지 않습니다.
E:\choi\files\source\repos\oop-c++\w05~\termProj\termproj1.cpp(302,1): warning C4554: '|': 연산자 우선 순위에 오류가 있는지 확인하세요. 괄호를 사용하여 우선 순위를 명확하게 지정하세요.
E:\choi\files\source\repos\oop-c++\w05~\termProj\termproj1.cpp(317,34): warning C4018: '<': signed 또는 unsigned가 일치하지 않습니다.
E:\choi\files\source\repos\oop-c++\w05~\termProj\termproj1.cpp(378,21): warning C4018: '<': signed 또는 unsigned가 일치하지 않습니다.
E:\choi\files\source\repos\oop-c++\w05~\termProj\termproj1.cpp(441,13): warning C4326: 'main'의 반환 형식이 'int'이어야 하는데 'void'입니다.
  termProj.vcxproj -> E:\choi\files\source\repos\oop-c++\w05~\Debug\termProj.exe
